<?xml version="1.0" encoding="UTF-8"?>
<!-- Generated by org.testng.reporters.JUnitXMLReporter -->
<testsuite ignored="0" hostname="IBM-8D1LRM3" failures="0" tests="3" name="Test" time="22.247" errors="0" timestamp="2022-10-31T10:12:41 IST">
  <testcase classname="tests.LoginTest" name="verifyLoginWithValidDetails" time="4.247"/>
  <testcase classname="tests.LoginTest" name="verifyAppTitle" time="5.013"/>
  <testcase classname="tests.LoginTest" name="verifyLogout" time="1.34"/>
</testsuite> <!-- Test -->
