<?xml version="1.0" encoding="UTF-8"?>
<!-- Generated by org.testng.reporters.JUnitXMLReporter -->
<testsuite ignored="0" hostname="IBM-8D1LRM3" failures="0" tests="3" name="Test" time="35.437" errors="0" timestamp="2022-11-03T00:23:25 IST">
  <testcase classname="tests.LoginTest" name="verifyLoginWithValidDetails" time="3.701"/>
  <testcase classname="tests.LoginTest" name="verifyAppTitle" time="5.019"/>
  <testcase classname="tests.LoginTest" name="verifyLogout" time="1.315"/>
</testsuite> <!-- Test -->
