<?xml version="1.0" encoding="UTF-8"?>
<testng-results ignored="0" total="3" passed="3" failed="0" skipped="0">
  <reporter-output>
  </reporter-output>
  <suite started-at="2022-11-03T00:22:50 IST" name="Suite" finished-at="2022-11-03T00:23:25 IST" duration-ms="35437">
    <groups>
    </groups>
    <test started-at="2022-11-03T00:22:50 IST" name="Test" finished-at="2022-11-03T00:23:25 IST" duration-ms="35437">
      <class name="tests.LoginTest">
        <test-method is-config="true" signature="launchApp()[pri:0, instance:tests.LoginTest@23c30a20]" started-at="2022-11-03T00:22:50 IST" name="launchApp" finished-at="2022-11-03T00:22:54 IST" duration-ms="4113" status="PASS">
          <reporter-output>
          </reporter-output>
        </test-method> <!-- launchApp -->
        <test-method signature="verifyLoginWithValidDetails()[pri:1, instance:tests.LoginTest@23c30a20]" started-at="2022-11-03T00:22:54 IST" name="verifyLoginWithValidDetails" finished-at="2022-11-03T00:22:57 IST" duration-ms="3701" status="PASS">
          <reporter-output>
          </reporter-output>
        </test-method> <!-- verifyLoginWithValidDetails -->
        <test-method is-config="true" signature="delayAfterEachMethod()[pri:0, instance:tests.LoginTest@23c30a20]" started-at="2022-11-03T00:22:57 IST" name="delayAfterEachMethod" finished-at="2022-11-03T00:22:57 IST" duration-ms="0" status="PASS">
          <reporter-output>
          </reporter-output>
        </test-method> <!-- delayAfterEachMethod -->
        <test-method signature="verifyAppTitle()[pri:2, instance:tests.LoginTest@23c30a20]" started-at="2022-11-03T00:22:57 IST" name="verifyAppTitle" finished-at="2022-11-03T00:23:02 IST" duration-ms="5019" status="PASS">
          <reporter-output>
          </reporter-output>
        </test-method> <!-- verifyAppTitle -->
        <test-method is-config="true" signature="delayAfterEachMethod()[pri:0, instance:tests.LoginTest@23c30a20]" started-at="2022-11-03T00:23:02 IST" name="delayAfterEachMethod" finished-at="2022-11-03T00:23:02 IST" duration-ms="1" status="PASS">
          <reporter-output>
          </reporter-output>
        </test-method> <!-- delayAfterEachMethod -->
        <test-method signature="verifyLogout()[pri:3, instance:tests.LoginTest@23c30a20]" started-at="2022-11-03T00:23:02 IST" name="verifyLogout" finished-at="2022-11-03T00:23:04 IST" duration-ms="1315" status="PASS">
          <reporter-output>
          </reporter-output>
        </test-method> <!-- verifyLogout -->
        <test-method is-config="true" signature="delayAfterEachMethod()[pri:0, instance:tests.LoginTest@23c30a20]" started-at="2022-11-03T00:23:04 IST" name="delayAfterEachMethod" finished-at="2022-11-03T00:23:04 IST" duration-ms="0" status="PASS">
          <reporter-output>
          </reporter-output>
        </test-method> <!-- delayAfterEachMethod -->
        <test-method is-config="true" signature="closeApp()[pri:0, instance:tests.LoginTest@23c30a20]" started-at="2022-11-03T00:23:04 IST" name="closeApp" finished-at="2022-11-03T00:23:25 IST" duration-ms="21250" status="PASS">
          <reporter-output>
          </reporter-output>
        </test-method> <!-- closeApp -->
      </class> <!-- tests.LoginTest -->
    </test> <!-- Test -->
  </suite> <!-- Suite -->
</testng-results>
