<?xml version="1.0" encoding="UTF-8"?>
<testng-results ignored="0" total="3" passed="3" failed="0" skipped="0">
  <reporter-output>
  </reporter-output>
  <suite started-at="2022-10-31T10:12:19 IST" name="Suite" finished-at="2022-10-31T10:12:41 IST" duration-ms="22247">
    <groups>
    </groups>
    <test started-at="2022-10-31T10:12:19 IST" name="Test" finished-at="2022-10-31T10:12:41 IST" duration-ms="22247">
      <class name="tests.LoginTest">
        <test-method is-config="true" signature="launchApp()[pri:0, instance:tests.LoginTest@505fc5a4]" started-at="2022-10-31T10:12:19 IST" name="launchApp" finished-at="2022-10-31T10:12:26 IST" duration-ms="6479" status="PASS">
          <reporter-output>
          </reporter-output>
        </test-method> <!-- launchApp -->
        <test-method signature="verifyLoginWithValidDetails()[pri:1, instance:tests.LoginTest@505fc5a4]" started-at="2022-10-31T10:12:26 IST" name="verifyLoginWithValidDetails" finished-at="2022-10-31T10:12:30 IST" duration-ms="4247" status="PASS">
          <reporter-output>
          </reporter-output>
        </test-method> <!-- verifyLoginWithValidDetails -->
        <test-method is-config="true" signature="delayAfterEachMethod()[pri:0, instance:tests.LoginTest@505fc5a4]" started-at="2022-10-31T10:12:30 IST" name="delayAfterEachMethod" finished-at="2022-10-31T10:12:30 IST" duration-ms="0" status="PASS">
          <reporter-output>
          </reporter-output>
        </test-method> <!-- delayAfterEachMethod -->
        <test-method signature="verifyAppTitle()[pri:2, instance:tests.LoginTest@505fc5a4]" started-at="2022-10-31T10:12:30 IST" name="verifyAppTitle" finished-at="2022-10-31T10:12:35 IST" duration-ms="5013" status="PASS">
          <reporter-output>
          </reporter-output>
        </test-method> <!-- verifyAppTitle -->
        <test-method signature="verifyLogout()[pri:3, instance:tests.LoginTest@505fc5a4]" started-at="2022-10-31T10:12:35 IST" name="verifyLogout" finished-at="2022-10-31T10:12:36 IST" duration-ms="1340" status="PASS">
          <reporter-output>
          </reporter-output>
        </test-method> <!-- verifyLogout -->
        <test-method is-config="true" signature="delayAfterEachMethod()[pri:0, instance:tests.LoginTest@505fc5a4]" started-at="2022-10-31T10:12:35 IST" name="delayAfterEachMethod" finished-at="2022-10-31T10:12:35 IST" duration-ms="0" status="PASS">
          <reporter-output>
          </reporter-output>
        </test-method> <!-- delayAfterEachMethod -->
        <test-method is-config="true" signature="delayAfterEachMethod()[pri:0, instance:tests.LoginTest@505fc5a4]" started-at="2022-10-31T10:12:36 IST" name="delayAfterEachMethod" finished-at="2022-10-31T10:12:36 IST" duration-ms="0" status="PASS">
          <reporter-output>
          </reporter-output>
        </test-method> <!-- delayAfterEachMethod -->
        <test-method is-config="true" signature="closeApp()[pri:0, instance:tests.LoginTest@505fc5a4]" started-at="2022-10-31T10:12:36 IST" name="closeApp" finished-at="2022-10-31T10:12:41 IST" duration-ms="5124" status="PASS">
          <reporter-output>
          </reporter-output>
        </test-method> <!-- closeApp -->
      </class> <!-- tests.LoginTest -->
    </test> <!-- Test -->
  </suite> <!-- Suite -->
</testng-results>
